<?xml version="1.0" encoding="UTF-8"?>
<!-- Generated by org.testng.reporters.JUnitReportReporter -->
<testsuite hostname="DESKTOP-HS03D1H" failures="0" tests="2" name="testRunner.runner" time="11.993" errors="0" timestamp="2025-01-26T15:15:54 IST" skipped="0">
  <testcase classname="testRunner.runner" name="runScenario" time="0.862"/>
  <system-out/>
  <testcase classname="testRunner.runner" name="runScenario" time="11.131"/>
  <system-out/>
</testsuite> <!-- testRunner.runner -->
