<?xml version="1.0" encoding="UTF-8"?>
<!-- Generated by org.testng.reporters.JUnitReportReporter -->
<testsuite hostname="DESKTOP-HS03D1H" failures="0" tests="1" name="testRunner.runner" time="9.296" errors="0" timestamp="2025-01-26T13:40:59 IST" skipped="0">
  <testcase classname="testRunner.runner" name="runScenario" time="9.296"/>
  <system-out/>
</testsuite> <!-- testRunner.runner -->
